<?xml version="1.0" encoding="UTF-8"?>
<!-- Generated by org.testng.reporters.JUnitXMLReporter -->
<testsuite hostname="DESKTOP-TQII0PK" ignored="0" name="Home Page Test" tests="3" failures="0" timestamp="2020-12-24T06:56:31 IST" time="52.938" errors="0">
  <testcase name="gotocontact" time="7.47" classname="com.qa.hubspot.tests.homePageTest"/>
  <testcase name="verifyHomePageusername" time="8.051" classname="com.qa.hubspot.tests.homePageTest"/>
  <testcase name="verifyheaderTitle" time="8.12" classname="com.qa.hubspot.tests.homePageTest"/>
</testsuite> <!-- Home Page Test -->
