<?xml version="1.0" encoding="UTF-8"?>
<!-- Generated by org.testng.reporters.JUnitXMLReporter -->
<testsuite hostname="DESKTOP-TQII0PK" ignored="0" name="Home Page Test" tests="3" failures="0" timestamp="2020-12-24T07:04:15 IST" time="52.203" errors="0">
  <testcase name="gotocontact" time="7.691" classname="com.qa.hubspot.tests.homePageTest"/>
  <testcase name="verifyHomePageusername" time="8.066" classname="com.qa.hubspot.tests.homePageTest"/>
  <testcase name="verifyheaderTitle" time="8.11" classname="com.qa.hubspot.tests.homePageTest"/>
</testsuite> <!-- Home Page Test -->
