<?xml version="1.0" encoding="UTF-8"?>
<!-- Generated by org.testng.reporters.JUnitXMLReporter -->
<testsuite hostname="DESKTOP-TQII0PK" ignored="0" name="Login Page Test" tests="3" failures="0" timestamp="2020-12-24T06:55:38 IST" time="35.402" errors="0">
  <testcase name="gettitle" time="0.111" classname="com.qa.hubspot.tests.loginPageTest"/>
  <testcase name="checksignuplink" time="0.007" classname="com.qa.hubspot.tests.loginPageTest"/>
  <testcase name="loginpagetest" time="4.349" classname="com.qa.hubspot.tests.loginPageTest"/>
</testsuite> <!-- Login Page Test -->
