<?xml version="1.0" encoding="UTF-8"?>
<!-- Generated by org.testng.reporters.JUnitXMLReporter -->
<testsuite hostname="DESKTOP-TQII0PK" ignored="0" name="Login Page Test" tests="3" failures="0" timestamp="2020-12-23T10:02:06 IST" time="15.753" errors="0">
  <testcase name="gettitle" time="0.113" classname="com.qa.hubspot.tests.loginPageTest"/>
  <testcase name="checksignuplink" time="0.014" classname="com.qa.hubspot.tests.loginPageTest"/>
  <testcase name="loginpagetest" time="4.405" classname="com.qa.hubspot.tests.loginPageTest"/>
</testsuite> <!-- Login Page Test -->
