<?xml version="1.0" encoding="UTF-8"?>
<!-- Generated by org.testng.reporters.JUnitXMLReporter -->
<testsuite hostname="DESKTOP-TQII0PK" ignored="0" name="Default test" tests="4" failures="0" timestamp="2020-12-15T23:11:31 IST" time="76.135" errors="0">
  <testcase name="createnewcontact" time="14.255" classname="com.qa.hubspot.tests.contactsPageTest"/>
  <testcase name="createnewcontact" time="13.854" classname="com.qa.hubspot.tests.contactsPageTest"/>
  <testcase name="createnewcontact" time="14.048" classname="com.qa.hubspot.tests.contactsPageTest"/>
  <testcase name="createnewcontact" time="14.218" classname="com.qa.hubspot.tests.contactsPageTest"/>
</testsuite> <!-- Default test -->
