<?xml version="1.0" encoding="UTF-8"?>
<!-- Generated by org.testng.reporters.JUnitXMLReporter -->
<testsuite hostname="DESKTOP-TQII0PK" ignored="0" name="Contact Page Test" tests="4" failures="0" timestamp="24 Dec 2020 02:12:27 GMT" time="67.845" errors="0">
  <testcase name="createnewcontact" time="13.489" classname="com.qa.hubspot.tests.contactsPageTest"/>
  <testcase name="createnewcontact" time="13.436" classname="com.qa.hubspot.tests.contactsPageTest"/>
  <testcase name="createnewcontact" time="13.104" classname="com.qa.hubspot.tests.contactsPageTest"/>
  <testcase name="createnewcontact" time="13.37" classname="com.qa.hubspot.tests.contactsPageTest"/>
</testsuite> <!-- Contact Page Test -->
