<?xml version="1.0" encoding="UTF-8"?>
<!-- Generated by org.testng.reporters.JUnitXMLReporter -->
<testsuite hostname="DESKTOP-TQII0PK" ignored="0" name="Home Page Test" tests="3" failures="0" timestamp="24 Dec 2020 02:02:10 GMT" time="32.032" errors="0">
  <testcase name="gotocontact" time="7.418" classname="com.qa.hubspot.tests.homePageTest"/>
  <testcase name="verifyHomePageusername" time="8.053" classname="com.qa.hubspot.tests.homePageTest"/>
  <testcase name="verifyheaderTitle" time="8.065" classname="com.qa.hubspot.tests.homePageTest"/>
</testsuite> <!-- Home Page Test -->
