<?xml version="1.0" encoding="UTF-8"?>
<!-- Generated by org.testng.reporters.JUnitXMLReporter -->
<testsuite hostname="DESKTOP-TQII0PK" ignored="0" name="Login Page Test" tests="3" failures="0" timestamp="24 Dec 2020 02:52:46 GMT" time="15.895" errors="0">
  <testcase name="gettitle" time="0.151" classname="com.qa.hubspot.tests.loginPageTest"/>
  <testcase name="checksignuplink" time="0.005" classname="com.qa.hubspot.tests.loginPageTest"/>
  <testcase name="loginpagetest" time="4.533" classname="com.qa.hubspot.tests.loginPageTest"/>
</testsuite> <!-- Login Page Test -->
