<?xml version="1.0" encoding="UTF-8"?>
<!-- Generated by org.testng.reporters.JUnitXMLReporter -->
<testsuite hostname="DESKTOP-TQII0PK" ignored="0" name="Login Page Test" tests="3" failures="0" timestamp="24 Dec 2020 03:33:54 GMT" time="44.023" errors="0">
  <testcase name="gettitle" time="0.078" classname="com.qa.hubspot.tests.loginPageTest"/>
  <testcase name="checksignuplink" time="0.003" classname="com.qa.hubspot.tests.loginPageTest"/>
  <testcase name="loginpagetest" time="4.356" classname="com.qa.hubspot.tests.loginPageTest"/>
</testsuite> <!-- Login Page Test -->
