<?xml version="1.0" encoding="UTF-8"?>
<testng-results skipped="0" failed="0" ignored="0" total="10" passed="10">
  <reporter-output>
  </reporter-output>
  <suite name="Free CRM dummy framework" duration-ms="120171" started-at="2020-12-24T02:10:27Z" finished-at="2020-12-24T02:12:27Z">
    <groups>
    </groups>
    <test name="Login Page Test" duration-ms="18886" started-at="2020-12-24T02:10:27Z" finished-at="2020-12-24T02:10:46Z">
      <class name="com.qa.hubspot.tests.loginPageTest">
        <test-method status="PASS" signature="setup()[pri:0, instance:com.qa.hubspot.tests.loginPageTest@29d37757]" name="setup" is-config="true" duration-ms="13395" started-at="2020-12-24T02:10:27Z" finished-at="2020-12-24T02:10:40Z">
          <reporter-output>
          </reporter-output>
        </test-method> <!-- setup -->
        <test-method status="PASS" signature="gettitle()[pri:1, instance:com.qa.hubspot.tests.loginPageTest@29d37757]" name="gettitle" duration-ms="75" started-at="2020-12-24T02:10:40Z" finished-at="2020-12-24T02:10:40Z">
          <reporter-output>
          </reporter-output>
        </test-method> <!-- gettitle -->
        <test-method status="PASS" signature="checksignuplink()[pri:2, instance:com.qa.hubspot.tests.loginPageTest@29d37757]" name="checksignuplink" duration-ms="0" started-at="2020-12-24T02:10:40Z" finished-at="2020-12-24T02:10:40Z">
          <reporter-output>
          </reporter-output>
        </test-method> <!-- checksignuplink -->
        <test-method status="PASS" signature="loginpagetest()[pri:3, instance:com.qa.hubspot.tests.loginPageTest@29d37757]" name="loginpagetest" duration-ms="4397" started-at="2020-12-24T02:10:40Z" finished-at="2020-12-24T02:10:45Z">
          <reporter-output>
          </reporter-output>
        </test-method> <!-- loginpagetest -->
        <test-method status="PASS" signature="teardown()[pri:0, instance:com.qa.hubspot.tests.loginPageTest@29d37757]" name="teardown" is-config="true" duration-ms="784" started-at="2020-12-24T02:10:45Z" finished-at="2020-12-24T02:10:46Z">
          <reporter-output>
          </reporter-output>
        </test-method> <!-- teardown -->
      </class> <!-- com.qa.hubspot.tests.loginPageTest -->
    </test> <!-- Login Page Test -->
    <test name="Home Page Test" duration-ms="32934" started-at="2020-12-24T02:10:46Z" finished-at="2020-12-24T02:11:19Z">
      <class name="com.qa.hubspot.tests.homePageTest">
        <test-method status="PASS" signature="setup()[pri:0, instance:com.qa.hubspot.tests.homePageTest@2f4919b0]" name="setup" is-config="true" duration-ms="7845" started-at="2020-12-24T02:10:46Z" finished-at="2020-12-24T02:10:54Z">
          <reporter-output>
          </reporter-output>
        </test-method> <!-- setup -->
        <test-method status="PASS" signature="homeSetup()[pri:0, instance:com.qa.hubspot.tests.homePageTest@2f4919b0]" name="homeSetup" is-config="true" duration-ms="376" started-at="2020-12-24T02:10:54Z" finished-at="2020-12-24T02:10:54Z">
          <reporter-output>
          </reporter-output>
        </test-method> <!-- homeSetup -->
        <test-method status="PASS" signature="gotocontact()[pri:0, instance:com.qa.hubspot.tests.homePageTest@2f4919b0]" name="gotocontact" duration-ms="7854" started-at="2020-12-24T02:10:54Z" finished-at="2020-12-24T02:11:02Z">
          <reporter-output>
          </reporter-output>
        </test-method> <!-- gotocontact -->
        <test-method status="PASS" signature="verifyHomePageusername()[pri:0, instance:com.qa.hubspot.tests.homePageTest@2f4919b0]" name="verifyHomePageusername" duration-ms="8065" started-at="2020-12-24T02:11:02Z" finished-at="2020-12-24T02:11:10Z">
          <reporter-output>
          </reporter-output>
        </test-method> <!-- verifyHomePageusername -->
        <test-method status="PASS" signature="verifyheaderTitle()[pri:0, instance:com.qa.hubspot.tests.homePageTest@2f4919b0]" name="verifyheaderTitle" duration-ms="8093" started-at="2020-12-24T02:11:10Z" finished-at="2020-12-24T02:11:18Z">
          <reporter-output>
          </reporter-output>
        </test-method> <!-- verifyheaderTitle -->
        <test-method status="PASS" signature="teardown()[pri:0, instance:com.qa.hubspot.tests.homePageTest@2f4919b0]" name="teardown" is-config="true" duration-ms="691" started-at="2020-12-24T02:11:18Z" finished-at="2020-12-24T02:11:19Z">
          <reporter-output>
          </reporter-output>
        </test-method> <!-- teardown -->
      </class> <!-- com.qa.hubspot.tests.homePageTest -->
    </test> <!-- Home Page Test -->
    <test name="Contact Page Test" duration-ms="67845" started-at="2020-12-24T02:11:19Z" finished-at="2020-12-24T02:12:27Z">
      <class name="com.qa.hubspot.tests.contactsPageTest">
        <test-method status="PASS" signature="setup()[pri:0, instance:com.qa.hubspot.tests.contactsPageTest@352e612e]" name="setup" is-config="true" duration-ms="9320" started-at="2020-12-24T02:11:19Z" finished-at="2020-12-24T02:11:28Z">
          <reporter-output>
          </reporter-output>
        </test-method> <!-- setup -->
        <test-method status="PASS" signature="homeSetup()[pri:0, instance:com.qa.hubspot.tests.contactsPageTest@352e612e]" name="homeSetup" is-config="true" duration-ms="3145" started-at="2020-12-24T02:11:28Z" finished-at="2020-12-24T02:11:31Z">
          <reporter-output>
          </reporter-output>
        </test-method> <!-- homeSetup -->
        <test-method status="PASS" signature="createnewcontact(java.lang.String, java.lang.String, java.lang.String, java.lang.String, java.lang.String, java.lang.String, java.lang.String)[pri:0, instance:com.qa.hubspot.tests.contactsPageTest@352e612e]" name="createnewcontact" duration-ms="13489" started-at="2020-12-24T02:11:33Z" data-provider="createnewcontacttestdata" finished-at="2020-12-24T02:11:46Z">
          <params>
            <param index="0">
              <value>
                <![CDATA[anu]]>
              </value>
            </param>
            <param index="1">
              <value>
                <![CDATA[mary]]>
              </value>
            </param>
            <param index="2">
              <value>
                <![CDATA[john]]>
              </value>
            </param>
            <param index="3">
              <value>
                <![CDATA[tcs]]>
              </value>
            </param>
            <param index="4">
              <value>
                <![CDATA[automation]]>
              </value>
            </param>
            <param index="5">
              <value>
                <![CDATA[QET]]>
              </value>
            </param>
            <param index="6">
              <value>
                <![CDATA[good resource]]>
              </value>
            </param>
          </params>
          <reporter-output>
          </reporter-output>
        </test-method> <!-- createnewcontact -->
        <test-method status="PASS" signature="createnewcontact(java.lang.String, java.lang.String, java.lang.String, java.lang.String, java.lang.String, java.lang.String, java.lang.String)[pri:0, instance:com.qa.hubspot.tests.contactsPageTest@352e612e]" name="createnewcontact" duration-ms="13436" started-at="2020-12-24T02:11:46Z" data-provider="createnewcontacttestdata" finished-at="2020-12-24T02:12:00Z">
          <params>
            <param index="0">
              <value>
                <![CDATA[amalu]]>
              </value>
            </param>
            <param index="1">
              <value>
                <![CDATA[]]>
              </value>
            </param>
            <param index="2">
              <value>
                <![CDATA[jose]]>
              </value>
            </param>
            <param index="3">
              <value>
                <![CDATA[tcs]]>
              </value>
            </param>
            <param index="4">
              <value>
                <![CDATA[developer]]>
              </value>
            </param>
            <param index="5">
              <value>
                <![CDATA[LT]]>
              </value>
            </param>
            <param index="6">
              <value>
                <![CDATA[good resource]]>
              </value>
            </param>
          </params>
          <reporter-output>
          </reporter-output>
        </test-method> <!-- createnewcontact -->
        <test-method status="PASS" signature="createnewcontact(java.lang.String, java.lang.String, java.lang.String, java.lang.String, java.lang.String, java.lang.String, java.lang.String)[pri:0, instance:com.qa.hubspot.tests.contactsPageTest@352e612e]" name="createnewcontact" duration-ms="13104" started-at="2020-12-24T02:12:00Z" data-provider="createnewcontacttestdata" finished-at="2020-12-24T02:12:13Z">
          <params>
            <param index="0">
              <value>
                <![CDATA[renji]]>
              </value>
            </param>
            <param index="1">
              <value>
                <![CDATA[]]>
              </value>
            </param>
            <param index="2">
              <value>
                <![CDATA[john]]>
              </value>
            </param>
            <param index="3">
              <value>
                <![CDATA[cma cgm]]>
              </value>
            </param>
            <param index="4">
              <value>
                <![CDATA[engineer]]>
              </value>
            </param>
            <param index="5">
              <value>
                <![CDATA[jinm]]>
              </value>
            </param>
            <param index="6">
              <value>
                <![CDATA[good resource]]>
              </value>
            </param>
          </params>
          <reporter-output>
          </reporter-output>
        </test-method> <!-- createnewcontact -->
        <test-method status="PASS" signature="createnewcontact(java.lang.String, java.lang.String, java.lang.String, java.lang.String, java.lang.String, java.lang.String, java.lang.String)[pri:0, instance:com.qa.hubspot.tests.contactsPageTest@352e612e]" name="createnewcontact" duration-ms="13370" started-at="2020-12-24T02:12:13Z" data-provider="createnewcontacttestdata" finished-at="2020-12-24T02:12:26Z">
          <params>
            <param index="0">
              <value>
                <![CDATA[jobin ]]>
              </value>
            </param>
            <param index="1">
              <value>
                <![CDATA[]]>
              </value>
            </param>
            <param index="2">
              <value>
                <![CDATA[kuriakose]]>
              </value>
            </param>
            <param index="3">
              <value>
                <![CDATA[hykh]]>
              </value>
            </param>
            <param index="4">
              <value>
                <![CDATA[devops]]>
              </value>
            </param>
            <param index="5">
              <value>
                <![CDATA[joj]]>
              </value>
            </param>
            <param index="6">
              <value>
                <![CDATA[good resource]]>
              </value>
            </param>
          </params>
          <reporter-output>
          </reporter-output>
        </test-method> <!-- createnewcontact -->
        <test-method status="PASS" signature="teardown()[pri:0, instance:com.qa.hubspot.tests.contactsPageTest@352e612e]" name="teardown" is-config="true" duration-ms="751" started-at="2020-12-24T02:12:26Z" finished-at="2020-12-24T02:12:27Z">
          <reporter-output>
          </reporter-output>
        </test-method> <!-- teardown -->
      </class> <!-- com.qa.hubspot.tests.contactsPageTest -->
    </test> <!-- Contact Page Test -->
  </suite> <!-- Free CRM dummy framework -->
</testng-results>
