<?xml version="1.0" encoding="UTF-8"?>
<testng-results skipped="0" failed="0" ignored="0" total="10" passed="10">
  <reporter-output>
  </reporter-output>
  <suite name="Free CRM dummy framework" duration-ms="184622" started-at="2020-12-24T03:33:10Z" finished-at="2020-12-24T03:36:15Z">
    <groups>
    </groups>
    <test name="Login Page Test" duration-ms="44023" started-at="2020-12-24T03:33:10Z" finished-at="2020-12-24T03:33:54Z">
      <class name="com.qa.hubspot.tests.loginPageTest">
        <test-method status="PASS" signature="setup()[pri:0, instance:com.qa.hubspot.tests.loginPageTest@38f2e97e]" name="setup" is-config="true" duration-ms="38683" started-at="2020-12-24T03:33:10Z" finished-at="2020-12-24T03:33:49Z">
          <reporter-output>
          </reporter-output>
        </test-method> <!-- setup -->
        <test-method status="PASS" signature="gettitle()[pri:1, instance:com.qa.hubspot.tests.loginPageTest@38f2e97e]" name="gettitle" duration-ms="78" started-at="2020-12-24T03:33:49Z" finished-at="2020-12-24T03:33:49Z">
          <reporter-output>
          </reporter-output>
        </test-method> <!-- gettitle -->
        <test-method status="PASS" signature="checksignuplink()[pri:2, instance:com.qa.hubspot.tests.loginPageTest@38f2e97e]" name="checksignuplink" duration-ms="3" started-at="2020-12-24T03:33:49Z" finished-at="2020-12-24T03:33:49Z">
          <reporter-output>
          </reporter-output>
        </test-method> <!-- checksignuplink -->
        <test-method status="PASS" signature="loginpagetest()[pri:3, instance:com.qa.hubspot.tests.loginPageTest@38f2e97e]" name="loginpagetest" duration-ms="4356" started-at="2020-12-24T03:33:49Z" finished-at="2020-12-24T03:33:54Z">
          <reporter-output>
          </reporter-output>
        </test-method> <!-- loginpagetest -->
        <test-method status="PASS" signature="teardown()[pri:0, instance:com.qa.hubspot.tests.loginPageTest@38f2e97e]" name="teardown" is-config="true" duration-ms="669" started-at="2020-12-24T03:33:54Z" finished-at="2020-12-24T03:33:54Z">
          <reporter-output>
          </reporter-output>
        </test-method> <!-- teardown -->
      </class> <!-- com.qa.hubspot.tests.loginPageTest -->
    </test> <!-- Login Page Test -->
    <test name="Home Page Test" duration-ms="52049" started-at="2020-12-24T03:33:55Z" finished-at="2020-12-24T03:34:47Z">
      <class name="com.qa.hubspot.tests.homePageTest">
        <test-method status="PASS" signature="setup()[pri:0, instance:com.qa.hubspot.tests.homePageTest@352e612e]" name="setup" is-config="true" duration-ms="27299" started-at="2020-12-24T03:33:55Z" finished-at="2020-12-24T03:34:22Z">
          <reporter-output>
          </reporter-output>
        </test-method> <!-- setup -->
        <test-method status="PASS" signature="homeSetup()[pri:0, instance:com.qa.hubspot.tests.homePageTest@352e612e]" name="homeSetup" is-config="true" duration-ms="468" started-at="2020-12-24T03:34:22Z" finished-at="2020-12-24T03:34:23Z">
          <reporter-output>
          </reporter-output>
        </test-method> <!-- homeSetup -->
        <test-method status="PASS" signature="gotocontact()[pri:0, instance:com.qa.hubspot.tests.homePageTest@352e612e]" name="gotocontact" duration-ms="7465" started-at="2020-12-24T03:34:23Z" finished-at="2020-12-24T03:34:30Z">
          <reporter-output>
          </reporter-output>
        </test-method> <!-- gotocontact -->
        <test-method status="PASS" signature="verifyHomePageusername()[pri:0, instance:com.qa.hubspot.tests.homePageTest@352e612e]" name="verifyHomePageusername" duration-ms="8039" started-at="2020-12-24T03:34:30Z" finished-at="2020-12-24T03:34:38Z">
          <reporter-output>
          </reporter-output>
        </test-method> <!-- verifyHomePageusername -->
        <test-method status="PASS" signature="verifyheaderTitle()[pri:0, instance:com.qa.hubspot.tests.homePageTest@352e612e]" name="verifyheaderTitle" duration-ms="8062" started-at="2020-12-24T03:34:38Z" finished-at="2020-12-24T03:34:46Z">
          <reporter-output>
          </reporter-output>
        </test-method> <!-- verifyheaderTitle -->
        <test-method status="PASS" signature="teardown()[pri:0, instance:com.qa.hubspot.tests.homePageTest@352e612e]" name="teardown" is-config="true" duration-ms="692" started-at="2020-12-24T03:34:46Z" finished-at="2020-12-24T03:34:47Z">
          <reporter-output>
          </reporter-output>
        </test-method> <!-- teardown -->
      </class> <!-- com.qa.hubspot.tests.homePageTest -->
    </test> <!-- Home Page Test -->
    <test name="Contact Page Test" duration-ms="87851" started-at="2020-12-24T03:34:47Z" finished-at="2020-12-24T03:36:15Z">
      <class name="com.qa.hubspot.tests.contactsPageTest">
        <test-method status="PASS" signature="setup()[pri:0, instance:com.qa.hubspot.tests.contactsPageTest@4248ed58]" name="setup" is-config="true" duration-ms="27215" started-at="2020-12-24T03:34:47Z" finished-at="2020-12-24T03:35:14Z">
          <reporter-output>
          </reporter-output>
        </test-method> <!-- setup -->
        <test-method status="PASS" signature="homeSetup()[pri:0, instance:com.qa.hubspot.tests.contactsPageTest@4248ed58]" name="homeSetup" is-config="true" duration-ms="3240" started-at="2020-12-24T03:35:14Z" finished-at="2020-12-24T03:35:18Z">
          <reporter-output>
          </reporter-output>
        </test-method> <!-- homeSetup -->
        <test-method status="PASS" signature="createnewcontact(java.lang.String, java.lang.String, java.lang.String, java.lang.String, java.lang.String, java.lang.String, java.lang.String)[pri:0, instance:com.qa.hubspot.tests.contactsPageTest@4248ed58]" name="createnewcontact" duration-ms="13708" started-at="2020-12-24T03:35:19Z" data-provider="createnewcontacttestdata" finished-at="2020-12-24T03:35:32Z">
          <params>
            <param index="0">
              <value>
                <![CDATA[anu]]>
              </value>
            </param>
            <param index="1">
              <value>
                <![CDATA[mary]]>
              </value>
            </param>
            <param index="2">
              <value>
                <![CDATA[john]]>
              </value>
            </param>
            <param index="3">
              <value>
                <![CDATA[tcs]]>
              </value>
            </param>
            <param index="4">
              <value>
                <![CDATA[automation]]>
              </value>
            </param>
            <param index="5">
              <value>
                <![CDATA[QET]]>
              </value>
            </param>
            <param index="6">
              <value>
                <![CDATA[good resource]]>
              </value>
            </param>
          </params>
          <reporter-output>
          </reporter-output>
        </test-method> <!-- createnewcontact -->
        <test-method status="PASS" signature="createnewcontact(java.lang.String, java.lang.String, java.lang.String, java.lang.String, java.lang.String, java.lang.String, java.lang.String)[pri:0, instance:com.qa.hubspot.tests.contactsPageTest@4248ed58]" name="createnewcontact" duration-ms="13620" started-at="2020-12-24T03:35:32Z" data-provider="createnewcontacttestdata" finished-at="2020-12-24T03:35:46Z">
          <params>
            <param index="0">
              <value>
                <![CDATA[amalu]]>
              </value>
            </param>
            <param index="1">
              <value>
                <![CDATA[]]>
              </value>
            </param>
            <param index="2">
              <value>
                <![CDATA[jose]]>
              </value>
            </param>
            <param index="3">
              <value>
                <![CDATA[tcs]]>
              </value>
            </param>
            <param index="4">
              <value>
                <![CDATA[developer]]>
              </value>
            </param>
            <param index="5">
              <value>
                <![CDATA[LT]]>
              </value>
            </param>
            <param index="6">
              <value>
                <![CDATA[good resource]]>
              </value>
            </param>
          </params>
          <reporter-output>
          </reporter-output>
        </test-method> <!-- createnewcontact -->
        <test-method status="PASS" signature="createnewcontact(java.lang.String, java.lang.String, java.lang.String, java.lang.String, java.lang.String, java.lang.String, java.lang.String)[pri:0, instance:com.qa.hubspot.tests.contactsPageTest@4248ed58]" name="createnewcontact" duration-ms="14109" started-at="2020-12-24T03:35:46Z" data-provider="createnewcontacttestdata" finished-at="2020-12-24T03:36:00Z">
          <params>
            <param index="0">
              <value>
                <![CDATA[renji]]>
              </value>
            </param>
            <param index="1">
              <value>
                <![CDATA[]]>
              </value>
            </param>
            <param index="2">
              <value>
                <![CDATA[john]]>
              </value>
            </param>
            <param index="3">
              <value>
                <![CDATA[cma cgm]]>
              </value>
            </param>
            <param index="4">
              <value>
                <![CDATA[engineer]]>
              </value>
            </param>
            <param index="5">
              <value>
                <![CDATA[jinm]]>
              </value>
            </param>
            <param index="6">
              <value>
                <![CDATA[good resource]]>
              </value>
            </param>
          </params>
          <reporter-output>
          </reporter-output>
        </test-method> <!-- createnewcontact -->
        <test-method status="PASS" signature="createnewcontact(java.lang.String, java.lang.String, java.lang.String, java.lang.String, java.lang.String, java.lang.String, java.lang.String)[pri:0, instance:com.qa.hubspot.tests.contactsPageTest@4248ed58]" name="createnewcontact" duration-ms="14094" started-at="2020-12-24T03:36:00Z" data-provider="createnewcontacttestdata" finished-at="2020-12-24T03:36:14Z">
          <params>
            <param index="0">
              <value>
                <![CDATA[jobin ]]>
              </value>
            </param>
            <param index="1">
              <value>
                <![CDATA[]]>
              </value>
            </param>
            <param index="2">
              <value>
                <![CDATA[kuriakose]]>
              </value>
            </param>
            <param index="3">
              <value>
                <![CDATA[hykh]]>
              </value>
            </param>
            <param index="4">
              <value>
                <![CDATA[devops]]>
              </value>
            </param>
            <param index="5">
              <value>
                <![CDATA[joj]]>
              </value>
            </param>
            <param index="6">
              <value>
                <![CDATA[good resource]]>
              </value>
            </param>
          </params>
          <reporter-output>
          </reporter-output>
        </test-method> <!-- createnewcontact -->
        <test-method status="PASS" signature="teardown()[pri:0, instance:com.qa.hubspot.tests.contactsPageTest@4248ed58]" name="teardown" is-config="true" duration-ms="679" started-at="2020-12-24T03:36:14Z" finished-at="2020-12-24T03:36:15Z">
          <reporter-output>
          </reporter-output>
        </test-method> <!-- teardown -->
      </class> <!-- com.qa.hubspot.tests.contactsPageTest -->
    </test> <!-- Contact Page Test -->
  </suite> <!-- Free CRM dummy framework -->
</testng-results>
