<?xml version="1.0" encoding="UTF-8"?>
<testng-results skipped="0" failed="0" ignored="0" total="5" passed="5">
  <reporter-output>
  </reporter-output>
  <suite name="Free CRM dummy framework" duration-ms="33504" started-at="2020-12-14T17:53:37 IST" finished-at="2020-12-14T17:54:11 IST">
    <groups>
    </groups>
    <test name="Login Page Test" duration-ms="17132" started-at="2020-12-14T17:53:37 IST" finished-at="2020-12-14T17:53:54 IST">
      <class name="com.qa.hubspot.tests.loginPageTest">
        <test-method status="PASS" signature="setup()[pri:0, instance:com.qa.hubspot.tests.loginPageTest@51cdd8a]" name="setup" is-config="true" duration-ms="11998" started-at="2020-12-14T17:53:37 IST" finished-at="2020-12-14T17:53:49 IST">
          <reporter-output>
          </reporter-output>
        </test-method> <!-- setup -->
        <test-method status="PASS" signature="gettitle()[pri:1, instance:com.qa.hubspot.tests.loginPageTest@51cdd8a]" name="gettitle" duration-ms="22" started-at="2020-12-14T17:53:49 IST" finished-at="2020-12-14T17:53:49 IST">
          <reporter-output>
          </reporter-output>
        </test-method> <!-- gettitle -->
        <test-method status="PASS" signature="checksignuplink()[pri:2, instance:com.qa.hubspot.tests.loginPageTest@51cdd8a]" name="checksignuplink" duration-ms="2" started-at="2020-12-14T17:53:49 IST" finished-at="2020-12-14T17:53:49 IST">
          <reporter-output>
          </reporter-output>
        </test-method> <!-- checksignuplink -->
        <test-method status="PASS" signature="loginpagetest()[pri:3, instance:com.qa.hubspot.tests.loginPageTest@51cdd8a]" name="loginpagetest" duration-ms="4363" started-at="2020-12-14T17:53:49 IST" finished-at="2020-12-14T17:53:54 IST">
          <reporter-output>
          </reporter-output>
        </test-method> <!-- loginpagetest -->
        <test-method status="PASS" signature="teardown()[pri:0, instance:com.qa.hubspot.tests.loginPageTest@51cdd8a]" name="teardown" is-config="true" duration-ms="697" started-at="2020-12-14T17:53:54 IST" finished-at="2020-12-14T17:53:54 IST">
          <reporter-output>
          </reporter-output>
        </test-method> <!-- teardown -->
      </class> <!-- com.qa.hubspot.tests.loginPageTest -->
    </test> <!-- Login Page Test -->
    <test name="Home Page Test" duration-ms="33504" started-at="2020-12-14T17:53:37 IST" finished-at="2020-12-14T17:54:11 IST">
      <class name="com.qa.hubspot.tests.homePageTest">
        <test-method status="PASS" signature="setup()[pri:0, instance:com.qa.hubspot.tests.homePageTest@4232c52b]" name="setup" is-config="true" duration-ms="21697" started-at="2020-12-14T17:53:37 IST" finished-at="2020-12-14T17:53:59 IST">
          <reporter-output>
          </reporter-output>
        </test-method> <!-- setup -->
        <test-method status="PASS" signature="verifyHomePageusername()[pri:0, instance:com.qa.hubspot.tests.homePageTest@4232c52b]" name="verifyHomePageusername" duration-ms="8043" started-at="2020-12-14T17:53:59 IST" finished-at="2020-12-14T17:54:07 IST">
          <reporter-output>
          </reporter-output>
        </test-method> <!-- verifyHomePageusername -->
        <test-method status="PASS" signature="verifyheaderTitle()[pri:0, instance:com.qa.hubspot.tests.homePageTest@4232c52b]" name="verifyheaderTitle" duration-ms="3054" started-at="2020-12-14T17:54:07 IST" finished-at="2020-12-14T17:54:10 IST">
          <reporter-output>
          </reporter-output>
        </test-method> <!-- verifyheaderTitle -->
        <test-method status="PASS" signature="teardown()[pri:0, instance:com.qa.hubspot.tests.homePageTest@4232c52b]" name="teardown" is-config="true" duration-ms="685" started-at="2020-12-14T17:54:10 IST" finished-at="2020-12-14T17:54:11 IST">
          <reporter-output>
          </reporter-output>
        </test-method> <!-- teardown -->
      </class> <!-- com.qa.hubspot.tests.homePageTest -->
    </test> <!-- Home Page Test -->
  </suite> <!-- Free CRM dummy framework -->
</testng-results>
